<?xml version="1.0" encoding="UTF-8"?>
<testng-results ignored="0" total="1" passed="1" failed="0" skipped="0">
  <reporter-output>
  </reporter-output>
  <suite started-at="2021-11-20T17:43:07 IST" name="Default suite" finished-at="2021-11-20T17:43:21 IST" duration-ms="14235">
    <groups>
    </groups>
    <test started-at="2021-11-20T17:43:07 IST" name="Default test" finished-at="2021-11-20T17:43:21 IST" duration-ms="14235">
      <class name="testClass.VerifyInvest">
        <test-method is-config="true" signature="lunchBrowser()[pri:0, instance:testClass.VerifyInvest@57d7f8ca]" started-at="2021-11-20T17:43:07 IST" name="lunchBrowser" finished-at="2021-11-20T17:43:13 IST" duration-ms="6314" status="PASS">
          <reporter-output>
          </reporter-output>
        </test-method> <!-- lunchBrowser -->
        <test-method is-config="true" signature="loginToupstox()[pri:0, instance:testClass.VerifyInvest@57d7f8ca]" started-at="2021-11-20T17:43:13 IST" name="loginToupstox" finished-at="2021-11-20T17:43:14 IST" duration-ms="652" status="PASS">
          <reporter-output>
          </reporter-output>
        </test-method> <!-- loginToupstox -->
        <test-method signature="verifyFund()[pri:0, instance:testClass.VerifyInvest@57d7f8ca]" started-at="2021-11-20T17:43:14 IST" name="verifyFund" finished-at="2021-11-20T17:43:20 IST" duration-ms="6181" status="PASS">
          <reporter-output>
          </reporter-output>
        </test-method> <!-- verifyFund -->
        <test-method is-config="true" signature="logoutToupstox()[pri:0, instance:testClass.VerifyInvest@57d7f8ca]" started-at="2021-11-20T17:43:20 IST" name="logoutToupstox" finished-at="2021-11-20T17:43:21 IST" duration-ms="839" status="PASS">
          <reporter-output>
          </reporter-output>
        </test-method> <!-- logoutToupstox -->
        <test-method is-config="true" signature="closeBrowser()[pri:0, instance:testClass.VerifyInvest@57d7f8ca]" started-at="2021-11-20T17:43:21 IST" name="closeBrowser" finished-at="2021-11-20T17:43:21 IST" duration-ms="173" status="PASS">
          <reporter-output>
          </reporter-output>
        </test-method> <!-- closeBrowser -->
      </class> <!-- testClass.VerifyInvest -->
    </test> <!-- Default test -->
  </suite> <!-- Default suite -->
</testng-results>
